<?xml version="1.0" encoding="UTF-8"?>
<testsuite xmlns:xsi="http://www.w3.org/2001/XMLSchema-instance" xsi:noNamespaceSchemaLocation="https://maven.apache.org/surefire/maven-surefire-plugin/xsd/surefire-test-report-3.0.xsd" version="3.0" name="com.paper.util.MapperTest" time="0.705" tests="1" errors="0" skipped="0" failures="0">
  <properties>
    <property name="java.specification.version" value="19"/>
    <property name="sun.cpu.isalist" value="amd64"/>
    <property name="sun.jnu.encoding" value="Cp1251"/>
    <property name="java.class.path" value="C:\Users\TheStudyAccount\IdeaProjects\paper-manufacture\target\test-classes;C:\Users\TheStudyAccount\IdeaProjects\paper-manufacture\target\classes;C:\Users\TheStudyAccount\.m2\repository\org\springframework\boot\spring-boot-devtools\3.0.4\spring-boot-devtools-3.0.4.jar;C:\Users\TheStudyAccount\.m2\repository\org\springframework\boot\spring-boot\3.0.4\spring-boot-3.0.4.jar;C:\Users\TheStudyAccount\.m2\repository\org\springframework\boot\spring-boot-autoconfigure\3.0.4\spring-boot-autoconfigure-3.0.4.jar;C:\Users\TheStudyAccount\.m2\repository\org\springframework\boot\spring-boot-starter-data-jpa\3.1.2\spring-boot-starter-data-jpa-3.1.2.jar;C:\Users\TheStudyAccount\.m2\repository\org\springframework\boot\spring-boot-starter-aop\3.1.2\spring-boot-starter-aop-3.1.2.jar;C:\Users\TheStudyAccount\.m2\repository\org\springframework\spring-aop\6.0.11\spring-aop-6.0.11.jar;C:\Users\TheStudyAccount\.m2\repository\org\aspectj\aspectjweaver\1.9.19\aspectjweaver-1.9.19.jar;C:\Users\TheStudyAccount\.m2\repository\org\springframework\boot\spring-boot-starter-jdbc\3.1.2\spring-boot-starter-jdbc-3.1.2.jar;C:\Users\TheStudyAccount\.m2\repository\com\zaxxer\HikariCP\5.0.1\HikariCP-5.0.1.jar;C:\Users\TheStudyAccount\.m2\repository\org\springframework\spring-jdbc\6.0.11\spring-jdbc-6.0.11.jar;C:\Users\TheStudyAccount\.m2\repository\org\hibernate\orm\hibernate-core\6.2.6.Final\hibernate-core-6.2.6.Final.jar;C:\Users\TheStudyAccount\.m2\repository\jakarta\persistence\jakarta.persistence-api\3.1.0\jakarta.persistence-api-3.1.0.jar;C:\Users\TheStudyAccount\.m2\repository\jakarta\transaction\jakarta.transaction-api\2.0.1\jakarta.transaction-api-2.0.1.jar;C:\Users\TheStudyAccount\.m2\repository\org\hibernate\common\hibernate-commons-annotations\6.0.6.Final\hibernate-commons-annotations-6.0.6.Final.jar;C:\Users\TheStudyAccount\.m2\repository\io\smallrye\jandex\3.0.5\jandex-3.0.5.jar;C:\Users\TheStudyAccount\.m2\repository\org\glassfish\jaxb\jaxb-runtime\4.0.2\jaxb-runtime-4.0.2.jar;C:\Users\TheStudyAccount\.m2\repository\org\glassfish\jaxb\jaxb-core\4.0.2\jaxb-core-4.0.2.jar;C:\Users\TheStudyAccount\.m2\repository\org\eclipse\angus\angus-activation\2.0.0\angus-activation-2.0.0.jar;C:\Users\TheStudyAccount\.m2\repository\org\glassfish\jaxb\txw2\4.0.2\txw2-4.0.2.jar;C:\Users\TheStudyAccount\.m2\repository\com\sun\istack\istack-commons-runtime\4.1.1\istack-commons-runtime-4.1.1.jar;C:\Users\TheStudyAccount\.m2\repository\jakarta\inject\jakarta.inject-api\2.0.1\jakarta.inject-api-2.0.1.jar;C:\Users\TheStudyAccount\.m2\repository\org\antlr\antlr4-runtime\4.10.1\antlr4-runtime-4.10.1.jar;C:\Users\TheStudyAccount\.m2\repository\org\springframework\data\spring-data-jpa\3.1.2\spring-data-jpa-3.1.2.jar;C:\Users\TheStudyAccount\.m2\repository\org\springframework\spring-orm\6.0.11\spring-orm-6.0.11.jar;C:\Users\TheStudyAccount\.m2\repository\jakarta\annotation\jakarta.annotation-api\2.0.0\jakarta.annotation-api-2.0.0.jar;C:\Users\TheStudyAccount\.m2\repository\org\springframework\spring-aspects\6.0.11\spring-aspects-6.0.11.jar;C:\Users\TheStudyAccount\.m2\repository\org\springframework\boot\spring-boot-starter-test\3.1.2\spring-boot-starter-test-3.1.2.jar;C:\Users\TheStudyAccount\.m2\repository\org\springframework\boot\spring-boot-starter\3.1.2\spring-boot-starter-3.1.2.jar;C:\Users\TheStudyAccount\.m2\repository\org\springframework\boot\spring-boot-starter-logging\3.1.2\spring-boot-starter-logging-3.1.2.jar;C:\Users\TheStudyAccount\.m2\repository\ch\qos\logback\logback-classic\1.4.8\logback-classic-1.4.8.jar;C:\Users\TheStudyAccount\.m2\repository\ch\qos\logback\logback-core\1.4.8\logback-core-1.4.8.jar;C:\Users\TheStudyAccount\.m2\repository\org\apache\logging\log4j\log4j-to-slf4j\2.20.0\log4j-to-slf4j-2.20.0.jar;C:\Users\TheStudyAccount\.m2\repository\org\apache\logging\log4j\log4j-api\2.20.0\log4j-api-2.20.0.jar;C:\Users\TheStudyAccount\.m2\repository\org\slf4j\jul-to-slf4j\2.0.7\jul-to-slf4j-2.0.7.jar;C:\Users\TheStudyAccount\.m2\repository\org\yaml\snakeyaml\1.33\snakeyaml-1.33.jar;C:\Users\TheStudyAccount\.m2\repository\org\springframework\boot\spring-boot-test\3.1.2\spring-boot-test-3.1.2.jar;C:\Users\TheStudyAccount\.m2\repository\org\springframework\boot\spring-boot-test-autoconfigure\3.1.2\spring-boot-test-autoconfigure-3.1.2.jar;C:\Users\TheStudyAccount\.m2\repository\com\jayway\jsonpath\json-path\2.8.0\json-path-2.8.0.jar;C:\Users\TheStudyAccount\.m2\repository\jakarta\xml\bind\jakarta.xml.bind-api\4.0.0\jakarta.xml.bind-api-4.0.0.jar;C:\Users\TheStudyAccount\.m2\repository\jakarta\activation\jakarta.activation-api\2.1.0\jakarta.activation-api-2.1.0.jar;C:\Users\TheStudyAccount\.m2\repository\net\minidev\json-smart\2.4.11\json-smart-2.4.11.jar;C:\Users\TheStudyAccount\.m2\repository\net\minidev\accessors-smart\2.4.11\accessors-smart-2.4.11.jar;C:\Users\TheStudyAccount\.m2\repository\org\ow2\asm\asm\9.3\asm-9.3.jar;C:\Users\TheStudyAccount\.m2\repository\org\hamcrest\hamcrest\2.2\hamcrest-2.2.jar;C:\Users\TheStudyAccount\.m2\repository\org\junit\jupiter\junit-jupiter\5.9.3\junit-jupiter-5.9.3.jar;C:\Users\TheStudyAccount\.m2\repository\org\junit\jupiter\junit-jupiter-api\5.9.3\junit-jupiter-api-5.9.3.jar;C:\Users\TheStudyAccount\.m2\repository\org\opentest4j\opentest4j\1.2.0\opentest4j-1.2.0.jar;C:\Users\TheStudyAccount\.m2\repository\org\junit\platform\junit-platform-commons\1.9.3\junit-platform-commons-1.9.3.jar;C:\Users\TheStudyAccount\.m2\repository\org\apiguardian\apiguardian-api\1.1.2\apiguardian-api-1.1.2.jar;C:\Users\TheStudyAccount\.m2\repository\org\junit\jupiter\junit-jupiter-params\5.9.3\junit-jupiter-params-5.9.3.jar;C:\Users\TheStudyAccount\.m2\repository\org\junit\jupiter\junit-jupiter-engine\5.9.3\junit-jupiter-engine-5.9.3.jar;C:\Users\TheStudyAccount\.m2\repository\org\junit\platform\junit-platform-engine\1.9.3\junit-platform-engine-1.9.3.jar;C:\Users\TheStudyAccount\.m2\repository\org\mockito\mockito-core\5.3.1\mockito-core-5.3.1.jar;C:\Users\TheStudyAccount\.m2\repository\net\bytebuddy\byte-buddy-agent\1.14.4\byte-buddy-agent-1.14.4.jar;C:\Users\TheStudyAccount\.m2\repository\org\mockito\mockito-junit-jupiter\5.3.1\mockito-junit-jupiter-5.3.1.jar;C:\Users\TheStudyAccount\.m2\repository\org\skyscreamer\jsonassert\1.5.1\jsonassert-1.5.1.jar;C:\Users\TheStudyAccount\.m2\repository\com\vaadin\external\google\android-json\0.0.20131108.vaadin1\android-json-0.0.20131108.vaadin1.jar;C:\Users\TheStudyAccount\.m2\repository\org\springframework\spring-core\6.0.11\spring-core-6.0.11.jar;C:\Users\TheStudyAccount\.m2\repository\org\springframework\spring-jcl\6.0.11\spring-jcl-6.0.11.jar;C:\Users\TheStudyAccount\.m2\repository\org\springframework\spring-test\6.0.11\spring-test-6.0.11.jar;C:\Users\TheStudyAccount\.m2\repository\org\xmlunit\xmlunit-core\2.9.1\xmlunit-core-2.9.1.jar;C:\Users\TheStudyAccount\.m2\repository\org\springframework\boot\spring-boot-starter-thymeleaf\3.1.2\spring-boot-starter-thymeleaf-3.1.2.jar;C:\Users\TheStudyAccount\.m2\repository\org\springframework\boot\spring-boot-starter-web\3.1.2\spring-boot-starter-web-3.1.2.jar;C:\Users\TheStudyAccount\.m2\repository\org\springframework\boot\spring-boot-starter-json\3.1.2\spring-boot-starter-json-3.1.2.jar;C:\Users\TheStudyAccount\.m2\repository\com\fasterxml\jackson\datatype\jackson-datatype-jdk8\2.15.2\jackson-datatype-jdk8-2.15.2.jar;C:\Users\TheStudyAccount\.m2\repository\com\fasterxml\jackson\module\jackson-module-parameter-names\2.15.2\jackson-module-parameter-names-2.15.2.jar;C:\Users\TheStudyAccount\.m2\repository\org\springframework\boot\spring-boot-starter-tomcat\3.1.2\spring-boot-starter-tomcat-3.1.2.jar;C:\Users\TheStudyAccount\.m2\repository\org\apache\tomcat\embed\tomcat-embed-core\10.1.11\tomcat-embed-core-10.1.11.jar;C:\Users\TheStudyAccount\.m2\repository\org\apache\tomcat\embed\tomcat-embed-el\10.1.11\tomcat-embed-el-10.1.11.jar;C:\Users\TheStudyAccount\.m2\repository\org\apache\tomcat\embed\tomcat-embed-websocket\10.1.11\tomcat-embed-websocket-10.1.11.jar;C:\Users\TheStudyAccount\.m2\repository\org\springframework\spring-web\6.0.11\spring-web-6.0.11.jar;C:\Users\TheStudyAccount\.m2\repository\io\micrometer\micrometer-observation\1.10.9\micrometer-observation-1.10.9.jar;C:\Users\TheStudyAccount\.m2\repository\io\micrometer\micrometer-commons\1.10.9\micrometer-commons-1.10.9.jar;C:\Users\TheStudyAccount\.m2\repository\org\springframework\spring-webmvc\6.0.11\spring-webmvc-6.0.11.jar;C:\Users\TheStudyAccount\.m2\repository\org\postgresql\postgresql\42.5.4\postgresql-42.5.4.jar;C:\Users\TheStudyAccount\.m2\repository\org\checkerframework\checker-qual\3.5.0\checker-qual-3.5.0.jar;C:\Users\TheStudyAccount\.m2\repository\org\projectlombok\lombok\1.18.28\lombok-1.18.28.jar;C:\Users\TheStudyAccount\.m2\repository\org\thymeleaf\thymeleaf-spring6\3.1.1.RELEASE\thymeleaf-spring6-3.1.1.RELEASE.jar;C:\Users\TheStudyAccount\.m2\repository\org\thymeleaf\thymeleaf\3.1.1.RELEASE\thymeleaf-3.1.1.RELEASE.jar;C:\Users\TheStudyAccount\.m2\repository\org\attoparser\attoparser\2.0.6.RELEASE\attoparser-2.0.6.RELEASE.jar;C:\Users\TheStudyAccount\.m2\repository\org\unbescape\unbescape\1.1.6.RELEASE\unbescape-1.1.6.RELEASE.jar;C:\Users\TheStudyAccount\.m2\repository\org\slf4j\slf4j-api\2.0.5\slf4j-api-2.0.5.jar;C:\Users\TheStudyAccount\.m2\repository\org\hibernate\validator\hibernate-validator\8.0.1.Final\hibernate-validator-8.0.1.Final.jar;C:\Users\TheStudyAccount\.m2\repository\jakarta\validation\jakarta.validation-api\3.0.2\jakarta.validation-api-3.0.2.jar;C:\Users\TheStudyAccount\.m2\repository\org\jboss\logging\jboss-logging\3.4.3.Final\jboss-logging-3.4.3.Final.jar;C:\Users\TheStudyAccount\.m2\repository\com\fasterxml\classmate\1.5.1\classmate-1.5.1.jar;C:\Users\TheStudyAccount\.m2\repository\com\github\dozermapper\dozer-core\6.4.0\dozer-core-6.4.0.jar;C:\Users\TheStudyAccount\.m2\repository\commons-beanutils\commons-beanutils\1.9.3\commons-beanutils-1.9.3.jar;C:\Users\TheStudyAccount\.m2\repository\commons-collections\commons-collections\3.2.2\commons-collections-3.2.2.jar;C:\Users\TheStudyAccount\.m2\repository\org\apache\commons\commons-lang3\3.7\commons-lang3-3.7.jar;C:\Users\TheStudyAccount\.m2\repository\commons-io\commons-io\2.5\commons-io-2.5.jar;C:\Users\TheStudyAccount\.m2\repository\javax\xml\bind\jaxb-api\2.2.11\jaxb-api-2.2.11.jar;C:\Users\TheStudyAccount\.m2\repository\org\slf4j\jcl-over-slf4j\1.7.25\jcl-over-slf4j-1.7.25.jar;C:\Users\TheStudyAccount\.m2\repository\org\objenesis\objenesis\2.6\objenesis-2.6.jar;C:\Users\TheStudyAccount\.m2\repository\org\springframework\data\spring-data-mongodb\4.1.3\spring-data-mongodb-4.1.3.jar;C:\Users\TheStudyAccount\.m2\repository\org\springframework\spring-tx\6.0.11\spring-tx-6.0.11.jar;C:\Users\TheStudyAccount\.m2\repository\org\springframework\spring-context\6.0.11\spring-context-6.0.11.jar;C:\Users\TheStudyAccount\.m2\repository\org\springframework\spring-beans\6.0.11\spring-beans-6.0.11.jar;C:\Users\TheStudyAccount\.m2\repository\org\springframework\spring-expression\6.0.11\spring-expression-6.0.11.jar;C:\Users\TheStudyAccount\.m2\repository\org\springframework\data\spring-data-commons\3.1.3\spring-data-commons-3.1.3.jar;C:\Users\TheStudyAccount\.m2\repository\org\mongodb\mongodb-driver-core\4.9.0\mongodb-driver-core-4.9.0.jar;C:\Users\TheStudyAccount\.m2\repository\org\mongodb\bson\4.9.0\bson-4.9.0.jar;C:\Users\TheStudyAccount\.m2\repository\org\mongodb\bson-record-codec\4.9.0\bson-record-codec-4.9.0.jar;C:\Users\TheStudyAccount\.m2\repository\org\mongodb\mongodb-driver-sync\4.9.0\mongodb-driver-sync-4.9.0.jar;C:\Users\TheStudyAccount\.m2\repository\log4j\log4j\1.2.17\log4j-1.2.17.jar;C:\Users\TheStudyAccount\.m2\repository\com\fasterxml\jackson\core\jackson-databind\2.15.1\jackson-databind-2.15.1.jar;C:\Users\TheStudyAccount\.m2\repository\com\fasterxml\jackson\core\jackson-annotations\2.15.1\jackson-annotations-2.15.1.jar;C:\Users\TheStudyAccount\.m2\repository\com\fasterxml\jackson\core\jackson-core\2.15.1\jackson-core-2.15.1.jar;C:\Users\TheStudyAccount\.m2\repository\com\fasterxml\jackson\datatype\jackson-datatype-jsr310\2.14.2\jackson-datatype-jsr310-2.14.2.jar;C:\Users\TheStudyAccount\.m2\repository\org\assertj\assertj-core\3.24.2\assertj-core-3.24.2.jar;C:\Users\TheStudyAccount\.m2\repository\net\bytebuddy\byte-buddy\1.12.21\byte-buddy-1.12.21.jar;C:\Users\TheStudyAccount\.m2\repository\com\google\cloud\google-cloud-translate\2.27.0\google-cloud-translate-2.27.0.jar;C:\Users\TheStudyAccount\.m2\repository\io\grpc\grpc-api\1.58.0\grpc-api-1.58.0.jar;C:\Users\TheStudyAccount\.m2\repository\com\google\code\findbugs\jsr305\3.0.2\jsr305-3.0.2.jar;C:\Users\TheStudyAccount\.m2\repository\com\google\errorprone\error_prone_annotations\2.20.0\error_prone_annotations-2.20.0.jar;C:\Users\TheStudyAccount\.m2\repository\io\grpc\grpc-stub\1.58.0\grpc-stub-1.58.0.jar;C:\Users\TheStudyAccount\.m2\repository\io\grpc\grpc-protobuf\1.58.0\grpc-protobuf-1.58.0.jar;C:\Users\TheStudyAccount\.m2\repository\io\grpc\grpc-protobuf-lite\1.58.0\grpc-protobuf-lite-1.58.0.jar;C:\Users\TheStudyAccount\.m2\repository\com\google\api\api-common\2.17.1\api-common-2.17.1.jar;C:\Users\TheStudyAccount\.m2\repository\com\google\auto\value\auto-value-annotations\1.10.2\auto-value-annotations-1.10.2.jar;C:\Users\TheStudyAccount\.m2\repository\javax\annotation\javax.annotation-api\1.3.2\javax.annotation-api-1.3.2.jar;C:\Users\TheStudyAccount\.m2\repository\com\google\protobuf\protobuf-java\3.24.3\protobuf-java-3.24.3.jar;C:\Users\TheStudyAccount\.m2\repository\com\google\api\grpc\proto-google-common-protos\2.25.1\proto-google-common-protos-2.25.1.jar;C:\Users\TheStudyAccount\.m2\repository\com\google\api\grpc\proto-google-cloud-translate-v3beta1\0.109.0\proto-google-cloud-translate-v3beta1-0.109.0.jar;C:\Users\TheStudyAccount\.m2\repository\com\google\api\grpc\proto-google-cloud-translate-v3\2.27.0\proto-google-cloud-translate-v3-2.27.0.jar;C:\Users\TheStudyAccount\.m2\repository\com\google\guava\guava\32.1.2-jre\guava-32.1.2-jre.jar;C:\Users\TheStudyAccount\.m2\repository\com\google\guava\failureaccess\1.0.1\failureaccess-1.0.1.jar;C:\Users\TheStudyAccount\.m2\repository\com\google\guava\listenablefuture\9999.0-empty-to-avoid-conflict-with-guava\listenablefuture-9999.0-empty-to-avoid-conflict-with-guava.jar;C:\Users\TheStudyAccount\.m2\repository\com\google\j2objc\j2objc-annotations\2.8\j2objc-annotations-2.8.jar;C:\Users\TheStudyAccount\.m2\repository\com\google\api\gax\2.34.1\gax-2.34.1.jar;C:\Users\TheStudyAccount\.m2\repository\io\opencensus\opencensus-api\0.31.1\opencensus-api-0.31.1.jar;C:\Users\TheStudyAccount\.m2\repository\io\grpc\grpc-context\1.58.0\grpc-context-1.58.0.jar;C:\Users\TheStudyAccount\.m2\repository\com\google\api\gax-grpc\2.34.1\gax-grpc-2.34.1.jar;C:\Users\TheStudyAccount\.m2\repository\io\grpc\grpc-inprocess\1.58.0\grpc-inprocess-1.58.0.jar;C:\Users\TheStudyAccount\.m2\repository\io\grpc\grpc-core\1.58.0\grpc-core-1.58.0.jar;C:\Users\TheStudyAccount\.m2\repository\com\google\android\annotations\4.1.1.4\annotations-4.1.1.4.jar;C:\Users\TheStudyAccount\.m2\repository\org\codehaus\mojo\animal-sniffer-annotations\1.23\animal-sniffer-annotations-1.23.jar;C:\Users\TheStudyAccount\.m2\repository\io\grpc\grpc-util\1.58.0\grpc-util-1.58.0.jar;C:\Users\TheStudyAccount\.m2\repository\io\grpc\grpc-alts\1.58.0\grpc-alts-1.58.0.jar;C:\Users\TheStudyAccount\.m2\repository\io\grpc\grpc-grpclb\1.58.0\grpc-grpclb-1.58.0.jar;C:\Users\TheStudyAccount\.m2\repository\org\conscrypt\conscrypt-openjdk-uber\2.5.2\conscrypt-openjdk-uber-2.5.2.jar;C:\Users\TheStudyAccount\.m2\repository\io\grpc\grpc-auth\1.58.0\grpc-auth-1.58.0.jar;C:\Users\TheStudyAccount\.m2\repository\io\grpc\grpc-netty-shaded\1.58.0\grpc-netty-shaded-1.58.0.jar;C:\Users\TheStudyAccount\.m2\repository\io\perfmark\perfmark-api\0.26.0\perfmark-api-0.26.0.jar;C:\Users\TheStudyAccount\.m2\repository\io\grpc\grpc-googleapis\1.58.0\grpc-googleapis-1.58.0.jar;C:\Users\TheStudyAccount\.m2\repository\io\grpc\grpc-xds\1.58.0\grpc-xds-1.58.0.jar;C:\Users\TheStudyAccount\.m2\repository\io\opencensus\opencensus-proto\0.2.0\opencensus-proto-0.2.0.jar;C:\Users\TheStudyAccount\.m2\repository\io\grpc\grpc-services\1.58.0\grpc-services-1.58.0.jar;C:\Users\TheStudyAccount\.m2\repository\com\google\re2j\re2j\1.7\re2j-1.7.jar;C:\Users\TheStudyAccount\.m2\repository\com\google\api\gax-httpjson\2.34.1\gax-httpjson-2.34.1.jar;C:\Users\TheStudyAccount\.m2\repository\com\google\code\gson\gson\2.10.1\gson-2.10.1.jar;C:\Users\TheStudyAccount\.m2\repository\com\google\http-client\google-http-client-gson\1.43.3\google-http-client-gson-1.43.3.jar;C:\Users\TheStudyAccount\.m2\repository\com\google\protobuf\protobuf-java-util\3.24.3\protobuf-java-util-3.24.3.jar;C:\Users\TheStudyAccount\.m2\repository\org\threeten\threetenbp\1.6.8\threetenbp-1.6.8.jar;C:\Users\TheStudyAccount\.m2\repository\com\google\cloud\google-cloud-core\2.24.1\google-cloud-core-2.24.1.jar;C:\Users\TheStudyAccount\.m2\repository\com\google\api\grpc\proto-google-iam-v1\1.20.1\proto-google-iam-v1-1.20.1.jar;C:\Users\TheStudyAccount\.m2\repository\com\google\cloud\google-cloud-core-http\2.24.1\google-cloud-core-http-2.24.1.jar;C:\Users\TheStudyAccount\.m2\repository\com\google\api-client\google-api-client\2.2.0\google-api-client-2.2.0.jar;C:\Users\TheStudyAccount\.m2\repository\commons-codec\commons-codec\1.15\commons-codec-1.15.jar;C:\Users\TheStudyAccount\.m2\repository\com\google\oauth-client\google-oauth-client\1.34.1\google-oauth-client-1.34.1.jar;C:\Users\TheStudyAccount\.m2\repository\com\google\http-client\google-http-client-apache-v2\1.43.3\google-http-client-apache-v2-1.43.3.jar;C:\Users\TheStudyAccount\.m2\repository\com\google\http-client\google-http-client-appengine\1.43.3\google-http-client-appengine-1.43.3.jar;C:\Users\TheStudyAccount\.m2\repository\io\opencensus\opencensus-contrib-http-util\0.31.1\opencensus-contrib-http-util-0.31.1.jar;C:\Users\TheStudyAccount\.m2\repository\com\google\apis\google-api-services-translate\v2-rev20170525-2.0.0\google-api-services-translate-v2-rev20170525-2.0.0.jar;C:\Users\TheStudyAccount\.m2\repository\com\google\auth\google-auth-library-credentials\1.19.0\google-auth-library-credentials-1.19.0.jar;C:\Users\TheStudyAccount\.m2\repository\com\google\auth\google-auth-library-oauth2-http\1.19.0\google-auth-library-oauth2-http-1.19.0.jar;C:\Users\TheStudyAccount\.m2\repository\com\google\http-client\google-http-client\1.43.3\google-http-client-1.43.3.jar;C:\Users\TheStudyAccount\.m2\repository\org\apache\httpcomponents\httpclient\4.5.14\httpclient-4.5.14.jar;C:\Users\TheStudyAccount\.m2\repository\commons-logging\commons-logging\1.2\commons-logging-1.2.jar;C:\Users\TheStudyAccount\.m2\repository\org\apache\httpcomponents\httpcore\4.4.16\httpcore-4.4.16.jar;C:\Users\TheStudyAccount\.m2\repository\com\google\http-client\google-http-client-jackson2\1.43.3\google-http-client-jackson2-1.43.3.jar;"/>
    <property name="java.vm.vendor" value="Amazon.com Inc."/>
    <property name="sun.arch.data.model" value="64"/>
    <property name="user.variant" value=""/>
    <property name="java.vendor.url" value="https://aws.amazon.com/corretto/"/>
    <property name="user.timezone" value="Europe/Kiev"/>
    <property name="os.name" value="Windows 10"/>
    <property name="java.vm.specification.version" value="19"/>
    <property name="sun.java.launcher" value="SUN_STANDARD"/>
    <property name="user.country" value="US"/>
    <property name="sun.boot.library.path" value="C:\Users\TheStudyAccount\.jdks\corretto-19.0.2\bin"/>
    <property name="sun.java.command" value="C:\Users\TheStudyAccount\AppData\Local\Temp\surefire10661526826335543068\surefirebooter-20231127120654190_3.jar C:\Users\TheStudyAccount\AppData\Local\Temp\surefire10661526826335543068 2023-11-27T12-06-52_175-jvmRun1 surefire-20231127120654190_1tmp surefire_0-20231127120654190_2tmp"/>
    <property name="jdk.debug" value="release"/>
    <property name="surefire.test.class.path" value="C:\Users\TheStudyAccount\IdeaProjects\paper-manufacture\target\test-classes;C:\Users\TheStudyAccount\IdeaProjects\paper-manufacture\target\classes;C:\Users\TheStudyAccount\.m2\repository\org\springframework\boot\spring-boot-devtools\3.0.4\spring-boot-devtools-3.0.4.jar;C:\Users\TheStudyAccount\.m2\repository\org\springframework\boot\spring-boot\3.0.4\spring-boot-3.0.4.jar;C:\Users\TheStudyAccount\.m2\repository\org\springframework\boot\spring-boot-autoconfigure\3.0.4\spring-boot-autoconfigure-3.0.4.jar;C:\Users\TheStudyAccount\.m2\repository\org\springframework\boot\spring-boot-starter-data-jpa\3.1.2\spring-boot-starter-data-jpa-3.1.2.jar;C:\Users\TheStudyAccount\.m2\repository\org\springframework\boot\spring-boot-starter-aop\3.1.2\spring-boot-starter-aop-3.1.2.jar;C:\Users\TheStudyAccount\.m2\repository\org\springframework\spring-aop\6.0.11\spring-aop-6.0.11.jar;C:\Users\TheStudyAccount\.m2\repository\org\aspectj\aspectjweaver\1.9.19\aspectjweaver-1.9.19.jar;C:\Users\TheStudyAccount\.m2\repository\org\springframework\boot\spring-boot-starter-jdbc\3.1.2\spring-boot-starter-jdbc-3.1.2.jar;C:\Users\TheStudyAccount\.m2\repository\com\zaxxer\HikariCP\5.0.1\HikariCP-5.0.1.jar;C:\Users\TheStudyAccount\.m2\repository\org\springframework\spring-jdbc\6.0.11\spring-jdbc-6.0.11.jar;C:\Users\TheStudyAccount\.m2\repository\org\hibernate\orm\hibernate-core\6.2.6.Final\hibernate-core-6.2.6.Final.jar;C:\Users\TheStudyAccount\.m2\repository\jakarta\persistence\jakarta.persistence-api\3.1.0\jakarta.persistence-api-3.1.0.jar;C:\Users\TheStudyAccount\.m2\repository\jakarta\transaction\jakarta.transaction-api\2.0.1\jakarta.transaction-api-2.0.1.jar;C:\Users\TheStudyAccount\.m2\repository\org\hibernate\common\hibernate-commons-annotations\6.0.6.Final\hibernate-commons-annotations-6.0.6.Final.jar;C:\Users\TheStudyAccount\.m2\repository\io\smallrye\jandex\3.0.5\jandex-3.0.5.jar;C:\Users\TheStudyAccount\.m2\repository\org\glassfish\jaxb\jaxb-runtime\4.0.2\jaxb-runtime-4.0.2.jar;C:\Users\TheStudyAccount\.m2\repository\org\glassfish\jaxb\jaxb-core\4.0.2\jaxb-core-4.0.2.jar;C:\Users\TheStudyAccount\.m2\repository\org\eclipse\angus\angus-activation\2.0.0\angus-activation-2.0.0.jar;C:\Users\TheStudyAccount\.m2\repository\org\glassfish\jaxb\txw2\4.0.2\txw2-4.0.2.jar;C:\Users\TheStudyAccount\.m2\repository\com\sun\istack\istack-commons-runtime\4.1.1\istack-commons-runtime-4.1.1.jar;C:\Users\TheStudyAccount\.m2\repository\jakarta\inject\jakarta.inject-api\2.0.1\jakarta.inject-api-2.0.1.jar;C:\Users\TheStudyAccount\.m2\repository\org\antlr\antlr4-runtime\4.10.1\antlr4-runtime-4.10.1.jar;C:\Users\TheStudyAccount\.m2\repository\org\springframework\data\spring-data-jpa\3.1.2\spring-data-jpa-3.1.2.jar;C:\Users\TheStudyAccount\.m2\repository\org\springframework\spring-orm\6.0.11\spring-orm-6.0.11.jar;C:\Users\TheStudyAccount\.m2\repository\jakarta\annotation\jakarta.annotation-api\2.0.0\jakarta.annotation-api-2.0.0.jar;C:\Users\TheStudyAccount\.m2\repository\org\springframework\spring-aspects\6.0.11\spring-aspects-6.0.11.jar;C:\Users\TheStudyAccount\.m2\repository\org\springframework\boot\spring-boot-starter-test\3.1.2\spring-boot-starter-test-3.1.2.jar;C:\Users\TheStudyAccount\.m2\repository\org\springframework\boot\spring-boot-starter\3.1.2\spring-boot-starter-3.1.2.jar;C:\Users\TheStudyAccount\.m2\repository\org\springframework\boot\spring-boot-starter-logging\3.1.2\spring-boot-starter-logging-3.1.2.jar;C:\Users\TheStudyAccount\.m2\repository\ch\qos\logback\logback-classic\1.4.8\logback-classic-1.4.8.jar;C:\Users\TheStudyAccount\.m2\repository\ch\qos\logback\logback-core\1.4.8\logback-core-1.4.8.jar;C:\Users\TheStudyAccount\.m2\repository\org\apache\logging\log4j\log4j-to-slf4j\2.20.0\log4j-to-slf4j-2.20.0.jar;C:\Users\TheStudyAccount\.m2\repository\org\apache\logging\log4j\log4j-api\2.20.0\log4j-api-2.20.0.jar;C:\Users\TheStudyAccount\.m2\repository\org\slf4j\jul-to-slf4j\2.0.7\jul-to-slf4j-2.0.7.jar;C:\Users\TheStudyAccount\.m2\repository\org\yaml\snakeyaml\1.33\snakeyaml-1.33.jar;C:\Users\TheStudyAccount\.m2\repository\org\springframework\boot\spring-boot-test\3.1.2\spring-boot-test-3.1.2.jar;C:\Users\TheStudyAccount\.m2\repository\org\springframework\boot\spring-boot-test-autoconfigure\3.1.2\spring-boot-test-autoconfigure-3.1.2.jar;C:\Users\TheStudyAccount\.m2\repository\com\jayway\jsonpath\json-path\2.8.0\json-path-2.8.0.jar;C:\Users\TheStudyAccount\.m2\repository\jakarta\xml\bind\jakarta.xml.bind-api\4.0.0\jakarta.xml.bind-api-4.0.0.jar;C:\Users\TheStudyAccount\.m2\repository\jakarta\activation\jakarta.activation-api\2.1.0\jakarta.activation-api-2.1.0.jar;C:\Users\TheStudyAccount\.m2\repository\net\minidev\json-smart\2.4.11\json-smart-2.4.11.jar;C:\Users\TheStudyAccount\.m2\repository\net\minidev\accessors-smart\2.4.11\accessors-smart-2.4.11.jar;C:\Users\TheStudyAccount\.m2\repository\org\ow2\asm\asm\9.3\asm-9.3.jar;C:\Users\TheStudyAccount\.m2\repository\org\hamcrest\hamcrest\2.2\hamcrest-2.2.jar;C:\Users\TheStudyAccount\.m2\repository\org\junit\jupiter\junit-jupiter\5.9.3\junit-jupiter-5.9.3.jar;C:\Users\TheStudyAccount\.m2\repository\org\junit\jupiter\junit-jupiter-api\5.9.3\junit-jupiter-api-5.9.3.jar;C:\Users\TheStudyAccount\.m2\repository\org\opentest4j\opentest4j\1.2.0\opentest4j-1.2.0.jar;C:\Users\TheStudyAccount\.m2\repository\org\junit\platform\junit-platform-commons\1.9.3\junit-platform-commons-1.9.3.jar;C:\Users\TheStudyAccount\.m2\repository\org\apiguardian\apiguardian-api\1.1.2\apiguardian-api-1.1.2.jar;C:\Users\TheStudyAccount\.m2\repository\org\junit\jupiter\junit-jupiter-params\5.9.3\junit-jupiter-params-5.9.3.jar;C:\Users\TheStudyAccount\.m2\repository\org\junit\jupiter\junit-jupiter-engine\5.9.3\junit-jupiter-engine-5.9.3.jar;C:\Users\TheStudyAccount\.m2\repository\org\junit\platform\junit-platform-engine\1.9.3\junit-platform-engine-1.9.3.jar;C:\Users\TheStudyAccount\.m2\repository\org\mockito\mockito-core\5.3.1\mockito-core-5.3.1.jar;C:\Users\TheStudyAccount\.m2\repository\net\bytebuddy\byte-buddy-agent\1.14.4\byte-buddy-agent-1.14.4.jar;C:\Users\TheStudyAccount\.m2\repository\org\mockito\mockito-junit-jupiter\5.3.1\mockito-junit-jupiter-5.3.1.jar;C:\Users\TheStudyAccount\.m2\repository\org\skyscreamer\jsonassert\1.5.1\jsonassert-1.5.1.jar;C:\Users\TheStudyAccount\.m2\repository\com\vaadin\external\google\android-json\0.0.20131108.vaadin1\android-json-0.0.20131108.vaadin1.jar;C:\Users\TheStudyAccount\.m2\repository\org\springframework\spring-core\6.0.11\spring-core-6.0.11.jar;C:\Users\TheStudyAccount\.m2\repository\org\springframework\spring-jcl\6.0.11\spring-jcl-6.0.11.jar;C:\Users\TheStudyAccount\.m2\repository\org\springframework\spring-test\6.0.11\spring-test-6.0.11.jar;C:\Users\TheStudyAccount\.m2\repository\org\xmlunit\xmlunit-core\2.9.1\xmlunit-core-2.9.1.jar;C:\Users\TheStudyAccount\.m2\repository\org\springframework\boot\spring-boot-starter-thymeleaf\3.1.2\spring-boot-starter-thymeleaf-3.1.2.jar;C:\Users\TheStudyAccount\.m2\repository\org\springframework\boot\spring-boot-starter-web\3.1.2\spring-boot-starter-web-3.1.2.jar;C:\Users\TheStudyAccount\.m2\repository\org\springframework\boot\spring-boot-starter-json\3.1.2\spring-boot-starter-json-3.1.2.jar;C:\Users\TheStudyAccount\.m2\repository\com\fasterxml\jackson\datatype\jackson-datatype-jdk8\2.15.2\jackson-datatype-jdk8-2.15.2.jar;C:\Users\TheStudyAccount\.m2\repository\com\fasterxml\jackson\module\jackson-module-parameter-names\2.15.2\jackson-module-parameter-names-2.15.2.jar;C:\Users\TheStudyAccount\.m2\repository\org\springframework\boot\spring-boot-starter-tomcat\3.1.2\spring-boot-starter-tomcat-3.1.2.jar;C:\Users\TheStudyAccount\.m2\repository\org\apache\tomcat\embed\tomcat-embed-core\10.1.11\tomcat-embed-core-10.1.11.jar;C:\Users\TheStudyAccount\.m2\repository\org\apache\tomcat\embed\tomcat-embed-el\10.1.11\tomcat-embed-el-10.1.11.jar;C:\Users\TheStudyAccount\.m2\repository\org\apache\tomcat\embed\tomcat-embed-websocket\10.1.11\tomcat-embed-websocket-10.1.11.jar;C:\Users\TheStudyAccount\.m2\repository\org\springframework\spring-web\6.0.11\spring-web-6.0.11.jar;C:\Users\TheStudyAccount\.m2\repository\io\micrometer\micrometer-observation\1.10.9\micrometer-observation-1.10.9.jar;C:\Users\TheStudyAccount\.m2\repository\io\micrometer\micrometer-commons\1.10.9\micrometer-commons-1.10.9.jar;C:\Users\TheStudyAccount\.m2\repository\org\springframework\spring-webmvc\6.0.11\spring-webmvc-6.0.11.jar;C:\Users\TheStudyAccount\.m2\repository\org\postgresql\postgresql\42.5.4\postgresql-42.5.4.jar;C:\Users\TheStudyAccount\.m2\repository\org\checkerframework\checker-qual\3.5.0\checker-qual-3.5.0.jar;C:\Users\TheStudyAccount\.m2\repository\org\projectlombok\lombok\1.18.28\lombok-1.18.28.jar;C:\Users\TheStudyAccount\.m2\repository\org\thymeleaf\thymeleaf-spring6\3.1.1.RELEASE\thymeleaf-spring6-3.1.1.RELEASE.jar;C:\Users\TheStudyAccount\.m2\repository\org\thymeleaf\thymeleaf\3.1.1.RELEASE\thymeleaf-3.1.1.RELEASE.jar;C:\Users\TheStudyAccount\.m2\repository\org\attoparser\attoparser\2.0.6.RELEASE\attoparser-2.0.6.RELEASE.jar;C:\Users\TheStudyAccount\.m2\repository\org\unbescape\unbescape\1.1.6.RELEASE\unbescape-1.1.6.RELEASE.jar;C:\Users\TheStudyAccount\.m2\repository\org\slf4j\slf4j-api\2.0.5\slf4j-api-2.0.5.jar;C:\Users\TheStudyAccount\.m2\repository\org\hibernate\validator\hibernate-validator\8.0.1.Final\hibernate-validator-8.0.1.Final.jar;C:\Users\TheStudyAccount\.m2\repository\jakarta\validation\jakarta.validation-api\3.0.2\jakarta.validation-api-3.0.2.jar;C:\Users\TheStudyAccount\.m2\repository\org\jboss\logging\jboss-logging\3.4.3.Final\jboss-logging-3.4.3.Final.jar;C:\Users\TheStudyAccount\.m2\repository\com\fasterxml\classmate\1.5.1\classmate-1.5.1.jar;C:\Users\TheStudyAccount\.m2\repository\com\github\dozermapper\dozer-core\6.4.0\dozer-core-6.4.0.jar;C:\Users\TheStudyAccount\.m2\repository\commons-beanutils\commons-beanutils\1.9.3\commons-beanutils-1.9.3.jar;C:\Users\TheStudyAccount\.m2\repository\commons-collections\commons-collections\3.2.2\commons-collections-3.2.2.jar;C:\Users\TheStudyAccount\.m2\repository\org\apache\commons\commons-lang3\3.7\commons-lang3-3.7.jar;C:\Users\TheStudyAccount\.m2\repository\commons-io\commons-io\2.5\commons-io-2.5.jar;C:\Users\TheStudyAccount\.m2\repository\javax\xml\bind\jaxb-api\2.2.11\jaxb-api-2.2.11.jar;C:\Users\TheStudyAccount\.m2\repository\org\slf4j\jcl-over-slf4j\1.7.25\jcl-over-slf4j-1.7.25.jar;C:\Users\TheStudyAccount\.m2\repository\org\objenesis\objenesis\2.6\objenesis-2.6.jar;C:\Users\TheStudyAccount\.m2\repository\org\springframework\data\spring-data-mongodb\4.1.3\spring-data-mongodb-4.1.3.jar;C:\Users\TheStudyAccount\.m2\repository\org\springframework\spring-tx\6.0.11\spring-tx-6.0.11.jar;C:\Users\TheStudyAccount\.m2\repository\org\springframework\spring-context\6.0.11\spring-context-6.0.11.jar;C:\Users\TheStudyAccount\.m2\repository\org\springframework\spring-beans\6.0.11\spring-beans-6.0.11.jar;C:\Users\TheStudyAccount\.m2\repository\org\springframework\spring-expression\6.0.11\spring-expression-6.0.11.jar;C:\Users\TheStudyAccount\.m2\repository\org\springframework\data\spring-data-commons\3.1.3\spring-data-commons-3.1.3.jar;C:\Users\TheStudyAccount\.m2\repository\org\mongodb\mongodb-driver-core\4.9.0\mongodb-driver-core-4.9.0.jar;C:\Users\TheStudyAccount\.m2\repository\org\mongodb\bson\4.9.0\bson-4.9.0.jar;C:\Users\TheStudyAccount\.m2\repository\org\mongodb\bson-record-codec\4.9.0\bson-record-codec-4.9.0.jar;C:\Users\TheStudyAccount\.m2\repository\org\mongodb\mongodb-driver-sync\4.9.0\mongodb-driver-sync-4.9.0.jar;C:\Users\TheStudyAccount\.m2\repository\log4j\log4j\1.2.17\log4j-1.2.17.jar;C:\Users\TheStudyAccount\.m2\repository\com\fasterxml\jackson\core\jackson-databind\2.15.1\jackson-databind-2.15.1.jar;C:\Users\TheStudyAccount\.m2\repository\com\fasterxml\jackson\core\jackson-annotations\2.15.1\jackson-annotations-2.15.1.jar;C:\Users\TheStudyAccount\.m2\repository\com\fasterxml\jackson\core\jackson-core\2.15.1\jackson-core-2.15.1.jar;C:\Users\TheStudyAccount\.m2\repository\com\fasterxml\jackson\datatype\jackson-datatype-jsr310\2.14.2\jackson-datatype-jsr310-2.14.2.jar;C:\Users\TheStudyAccount\.m2\repository\org\assertj\assertj-core\3.24.2\assertj-core-3.24.2.jar;C:\Users\TheStudyAccount\.m2\repository\net\bytebuddy\byte-buddy\1.12.21\byte-buddy-1.12.21.jar;C:\Users\TheStudyAccount\.m2\repository\com\google\cloud\google-cloud-translate\2.27.0\google-cloud-translate-2.27.0.jar;C:\Users\TheStudyAccount\.m2\repository\io\grpc\grpc-api\1.58.0\grpc-api-1.58.0.jar;C:\Users\TheStudyAccount\.m2\repository\com\google\code\findbugs\jsr305\3.0.2\jsr305-3.0.2.jar;C:\Users\TheStudyAccount\.m2\repository\com\google\errorprone\error_prone_annotations\2.20.0\error_prone_annotations-2.20.0.jar;C:\Users\TheStudyAccount\.m2\repository\io\grpc\grpc-stub\1.58.0\grpc-stub-1.58.0.jar;C:\Users\TheStudyAccount\.m2\repository\io\grpc\grpc-protobuf\1.58.0\grpc-protobuf-1.58.0.jar;C:\Users\TheStudyAccount\.m2\repository\io\grpc\grpc-protobuf-lite\1.58.0\grpc-protobuf-lite-1.58.0.jar;C:\Users\TheStudyAccount\.m2\repository\com\google\api\api-common\2.17.1\api-common-2.17.1.jar;C:\Users\TheStudyAccount\.m2\repository\com\google\auto\value\auto-value-annotations\1.10.2\auto-value-annotations-1.10.2.jar;C:\Users\TheStudyAccount\.m2\repository\javax\annotation\javax.annotation-api\1.3.2\javax.annotation-api-1.3.2.jar;C:\Users\TheStudyAccount\.m2\repository\com\google\protobuf\protobuf-java\3.24.3\protobuf-java-3.24.3.jar;C:\Users\TheStudyAccount\.m2\repository\com\google\api\grpc\proto-google-common-protos\2.25.1\proto-google-common-protos-2.25.1.jar;C:\Users\TheStudyAccount\.m2\repository\com\google\api\grpc\proto-google-cloud-translate-v3beta1\0.109.0\proto-google-cloud-translate-v3beta1-0.109.0.jar;C:\Users\TheStudyAccount\.m2\repository\com\google\api\grpc\proto-google-cloud-translate-v3\2.27.0\proto-google-cloud-translate-v3-2.27.0.jar;C:\Users\TheStudyAccount\.m2\repository\com\google\guava\guava\32.1.2-jre\guava-32.1.2-jre.jar;C:\Users\TheStudyAccount\.m2\repository\com\google\guava\failureaccess\1.0.1\failureaccess-1.0.1.jar;C:\Users\TheStudyAccount\.m2\repository\com\google\guava\listenablefuture\9999.0-empty-to-avoid-conflict-with-guava\listenablefuture-9999.0-empty-to-avoid-conflict-with-guava.jar;C:\Users\TheStudyAccount\.m2\repository\com\google\j2objc\j2objc-annotations\2.8\j2objc-annotations-2.8.jar;C:\Users\TheStudyAccount\.m2\repository\com\google\api\gax\2.34.1\gax-2.34.1.jar;C:\Users\TheStudyAccount\.m2\repository\io\opencensus\opencensus-api\0.31.1\opencensus-api-0.31.1.jar;C:\Users\TheStudyAccount\.m2\repository\io\grpc\grpc-context\1.58.0\grpc-context-1.58.0.jar;C:\Users\TheStudyAccount\.m2\repository\com\google\api\gax-grpc\2.34.1\gax-grpc-2.34.1.jar;C:\Users\TheStudyAccount\.m2\repository\io\grpc\grpc-inprocess\1.58.0\grpc-inprocess-1.58.0.jar;C:\Users\TheStudyAccount\.m2\repository\io\grpc\grpc-core\1.58.0\grpc-core-1.58.0.jar;C:\Users\TheStudyAccount\.m2\repository\com\google\android\annotations\4.1.1.4\annotations-4.1.1.4.jar;C:\Users\TheStudyAccount\.m2\repository\org\codehaus\mojo\animal-sniffer-annotations\1.23\animal-sniffer-annotations-1.23.jar;C:\Users\TheStudyAccount\.m2\repository\io\grpc\grpc-util\1.58.0\grpc-util-1.58.0.jar;C:\Users\TheStudyAccount\.m2\repository\io\grpc\grpc-alts\1.58.0\grpc-alts-1.58.0.jar;C:\Users\TheStudyAccount\.m2\repository\io\grpc\grpc-grpclb\1.58.0\grpc-grpclb-1.58.0.jar;C:\Users\TheStudyAccount\.m2\repository\org\conscrypt\conscrypt-openjdk-uber\2.5.2\conscrypt-openjdk-uber-2.5.2.jar;C:\Users\TheStudyAccount\.m2\repository\io\grpc\grpc-auth\1.58.0\grpc-auth-1.58.0.jar;C:\Users\TheStudyAccount\.m2\repository\io\grpc\grpc-netty-shaded\1.58.0\grpc-netty-shaded-1.58.0.jar;C:\Users\TheStudyAccount\.m2\repository\io\perfmark\perfmark-api\0.26.0\perfmark-api-0.26.0.jar;C:\Users\TheStudyAccount\.m2\repository\io\grpc\grpc-googleapis\1.58.0\grpc-googleapis-1.58.0.jar;C:\Users\TheStudyAccount\.m2\repository\io\grpc\grpc-xds\1.58.0\grpc-xds-1.58.0.jar;C:\Users\TheStudyAccount\.m2\repository\io\opencensus\opencensus-proto\0.2.0\opencensus-proto-0.2.0.jar;C:\Users\TheStudyAccount\.m2\repository\io\grpc\grpc-services\1.58.0\grpc-services-1.58.0.jar;C:\Users\TheStudyAccount\.m2\repository\com\google\re2j\re2j\1.7\re2j-1.7.jar;C:\Users\TheStudyAccount\.m2\repository\com\google\api\gax-httpjson\2.34.1\gax-httpjson-2.34.1.jar;C:\Users\TheStudyAccount\.m2\repository\com\google\code\gson\gson\2.10.1\gson-2.10.1.jar;C:\Users\TheStudyAccount\.m2\repository\com\google\http-client\google-http-client-gson\1.43.3\google-http-client-gson-1.43.3.jar;C:\Users\TheStudyAccount\.m2\repository\com\google\protobuf\protobuf-java-util\3.24.3\protobuf-java-util-3.24.3.jar;C:\Users\TheStudyAccount\.m2\repository\org\threeten\threetenbp\1.6.8\threetenbp-1.6.8.jar;C:\Users\TheStudyAccount\.m2\repository\com\google\cloud\google-cloud-core\2.24.1\google-cloud-core-2.24.1.jar;C:\Users\TheStudyAccount\.m2\repository\com\google\api\grpc\proto-google-iam-v1\1.20.1\proto-google-iam-v1-1.20.1.jar;C:\Users\TheStudyAccount\.m2\repository\com\google\cloud\google-cloud-core-http\2.24.1\google-cloud-core-http-2.24.1.jar;C:\Users\TheStudyAccount\.m2\repository\com\google\api-client\google-api-client\2.2.0\google-api-client-2.2.0.jar;C:\Users\TheStudyAccount\.m2\repository\commons-codec\commons-codec\1.15\commons-codec-1.15.jar;C:\Users\TheStudyAccount\.m2\repository\com\google\oauth-client\google-oauth-client\1.34.1\google-oauth-client-1.34.1.jar;C:\Users\TheStudyAccount\.m2\repository\com\google\http-client\google-http-client-apache-v2\1.43.3\google-http-client-apache-v2-1.43.3.jar;C:\Users\TheStudyAccount\.m2\repository\com\google\http-client\google-http-client-appengine\1.43.3\google-http-client-appengine-1.43.3.jar;C:\Users\TheStudyAccount\.m2\repository\io\opencensus\opencensus-contrib-http-util\0.31.1\opencensus-contrib-http-util-0.31.1.jar;C:\Users\TheStudyAccount\.m2\repository\com\google\apis\google-api-services-translate\v2-rev20170525-2.0.0\google-api-services-translate-v2-rev20170525-2.0.0.jar;C:\Users\TheStudyAccount\.m2\repository\com\google\auth\google-auth-library-credentials\1.19.0\google-auth-library-credentials-1.19.0.jar;C:\Users\TheStudyAccount\.m2\repository\com\google\auth\google-auth-library-oauth2-http\1.19.0\google-auth-library-oauth2-http-1.19.0.jar;C:\Users\TheStudyAccount\.m2\repository\com\google\http-client\google-http-client\1.43.3\google-http-client-1.43.3.jar;C:\Users\TheStudyAccount\.m2\repository\org\apache\httpcomponents\httpclient\4.5.14\httpclient-4.5.14.jar;C:\Users\TheStudyAccount\.m2\repository\commons-logging\commons-logging\1.2\commons-logging-1.2.jar;C:\Users\TheStudyAccount\.m2\repository\org\apache\httpcomponents\httpcore\4.4.16\httpcore-4.4.16.jar;C:\Users\TheStudyAccount\.m2\repository\com\google\http-client\google-http-client-jackson2\1.43.3\google-http-client-jackson2-1.43.3.jar;"/>
    <property name="sun.cpu.endian" value="little"/>
    <property name="user.home" value="C:\Users\TheStudyAccount"/>
    <property name="user.language" value="en"/>
    <property name="java.specification.vendor" value="Oracle Corporation"/>
    <property name="java.version.date" value="2023-01-17"/>
    <property name="java.home" value="C:\Users\TheStudyAccount\.jdks\corretto-19.0.2"/>
    <property name="file.separator" value="\"/>
    <property name="basedir" value="C:\Users\TheStudyAccount\IdeaProjects\paper-manufacture"/>
    <property name="java.vm.compressedOopsMode" value="Zero based"/>
    <property name="line.separator" value="&#10;"/>
    <property name="java.vm.specification.vendor" value="Oracle Corporation"/>
    <property name="java.specification.name" value="Java Platform API Specification"/>
    <property name="surefire.real.class.path" value="C:\Users\TheStudyAccount\AppData\Local\Temp\surefire10661526826335543068\surefirebooter-20231127120654190_3.jar"/>
    <property name="user.script" value=""/>
    <property name="sun.management.compiler" value="HotSpot 64-Bit Tiered Compilers"/>
    <property name="java.runtime.version" value="19.0.2+7-FR"/>
    <property name="user.name" value="TheStudyAccount"/>
    <property name="stdout.encoding" value="Cp1251"/>
    <property name="path.separator" value=";"/>
    <property name="os.version" value="10.0"/>
    <property name="java.runtime.name" value="OpenJDK Runtime Environment"/>
    <property name="file.encoding" value="UTF-8"/>
    <property name="java.vm.name" value="OpenJDK 64-Bit Server VM"/>
    <property name="java.vendor.version" value="Corretto-19.0.2.7.1"/>
    <property name="localRepository" value="C:\Users\TheStudyAccount\.m2\repository"/>
    <property name="java.vendor.url.bug" value="https://github.com/corretto/corretto-19/issues/"/>
    <property name="java.io.tmpdir" value="C:\Users\THESTU~1\AppData\Local\Temp\"/>
    <property name="idea.version" value="2023.2.2"/>
    <property name="java.version" value="19.0.2"/>
    <property name="user.dir" value="C:\Users\TheStudyAccount\IdeaProjects\paper-manufacture"/>
    <property name="os.arch" value="amd64"/>
    <property name="java.vm.specification.name" value="Java Virtual Machine Specification"/>
    <property name="sun.os.patch.level" value=""/>
    <property name="native.encoding" value="Cp1251"/>
    <property name="java.library.path" value="C:\Users\TheStudyAccount\.jdks\corretto-19.0.2\bin;C:\WINDOWS\Sun\Java\bin;C:\WINDOWS\system32;C:\WINDOWS;C:\Program Files (x86)\Common Files\Oracle\Java\javapath;C:\Python312\Scripts\;C:\Python312\;C:\ProgramData\Oracle\Java\javapath;C:\WINDOWS\system32;C:\WINDOWS;C:\WINDOWS\System32\Wbem;C:\WINDOWS\System32\WindowsPowerShell\v1.0\;C:\WINDOWS\System32\OpenSSH\;C:\Program Files (x86)\ATI Technologies\ATI.ACE\Core-Static;C:\Program Files (x86)\Intel\Intel(R) Management Engine Components\DAL;C:\Program Files\Intel\Intel(R) Management Engine Components\DAL;C:\Program Files\Git\cmd;C:\Program Files\nodejs\;C:\ProgramData\chocolatey\bin;;C:\Program Files\Docker\Docker\resources\bin;C:\Users\TheStudyAccount\AppData\Local\Microsoft\WindowsApps;;C:\Program Files\JetBrains\IntelliJ IDEA 2023.2.2\bin;;C:\Users\TheStudyAccount\AppData\Local\Programs\Microsoft VS Code\bin;C:\Users\TheStudyAccount\AppData\Roaming\npm;."/>
    <property name="java.vm.info" value="mixed mode, sharing"/>
    <property name="stderr.encoding" value="Cp1251"/>
    <property name="java.vendor" value="Amazon.com Inc."/>
    <property name="java.vm.version" value="19.0.2+7-FR"/>
    <property name="sun.io.unicode.encoding" value="UnicodeLittle"/>
    <property name="java.class.version" value="63.0"/>
  </properties>
  <testcase name="mapTest" classname="com.paper.util.MapperTest" time="0.674">
    <system-out><![CDATA[12:06:55.539 [main] INFO com.github.dozermapper.core.DozerBeanMapperBuilder -- Initializing Dozer. Version: 6.4.0, Thread Name: main
12:06:55.550 [main] INFO com.github.dozermapper.core.util.RuntimeUtils -- OSGi support is false
12:06:55.556 [main] INFO com.github.dozermapper.core.config.resolvers.LegacyPropertiesSettingsResolver -- Trying to find Dozer configuration file: dozer.properties
12:06:55.561 [main] INFO com.github.dozermapper.core.config.resolvers.LegacyPropertiesSettingsResolver -- Failed to find dozer.properties via com.github.dozermapper.core.config.resolvers.LegacyPropertiesSettingsResolver.
12:06:55.572 [main] WARN com.github.dozermapper.core.el.ELExpressionFactory -- javax.el is not supported; Failed to resolve ExpressionFactory, com.sun.el.ExpressionFactoryImpl
12:06:55.646 [main] DEBUG org.apache.commons.beanutils.converters.BooleanConverter -- Setting default value: false
12:06:55.646 [main] DEBUG org.apache.commons.beanutils.converters.BooleanConverter -- Converting 'Boolean' value 'false' to type 'Boolean'
12:06:55.646 [main] DEBUG org.apache.commons.beanutils.converters.BooleanConverter --     No conversion required, value is already a Boolean
12:06:55.648 [main] DEBUG org.apache.commons.beanutils.converters.ByteConverter -- Setting default value: 0
12:06:55.649 [main] DEBUG org.apache.commons.beanutils.converters.ByteConverter -- Converting 'Integer' value '0' to type 'Byte'
12:06:55.649 [main] DEBUG org.apache.commons.beanutils.converters.ByteConverter --     Converted to Byte value '0'
12:06:55.649 [main] DEBUG org.apache.commons.beanutils.converters.CharacterConverter -- Setting default value:  
12:06:55.649 [main] DEBUG org.apache.commons.beanutils.converters.CharacterConverter -- Converting 'Character' value ' ' to type 'Character'
12:06:55.649 [main] DEBUG org.apache.commons.beanutils.converters.CharacterConverter --     No conversion required, value is already a Character
12:06:55.650 [main] DEBUG org.apache.commons.beanutils.converters.DoubleConverter -- Setting default value: 0
12:06:55.650 [main] DEBUG org.apache.commons.beanutils.converters.DoubleConverter -- Converting 'Integer' value '0' to type 'Double'
12:06:55.650 [main] DEBUG org.apache.commons.beanutils.converters.DoubleConverter --     Converted to Double value '0.0'
12:06:55.651 [main] DEBUG org.apache.commons.beanutils.converters.FloatConverter -- Setting default value: 0
12:06:55.651 [main] DEBUG org.apache.commons.beanutils.converters.FloatConverter -- Converting 'Integer' value '0' to type 'Float'
12:06:55.651 [main] DEBUG org.apache.commons.beanutils.converters.FloatConverter --     Converted to Float value '0.0'
12:06:55.651 [main] DEBUG org.apache.commons.beanutils.converters.IntegerConverter -- Setting default value: 0
12:06:55.651 [main] DEBUG org.apache.commons.beanutils.converters.IntegerConverter -- Converting 'Integer' value '0' to type 'Integer'
12:06:55.651 [main] DEBUG org.apache.commons.beanutils.converters.IntegerConverter --     No conversion required, value is already a Integer
12:06:55.652 [main] DEBUG org.apache.commons.beanutils.converters.LongConverter -- Setting default value: 0
12:06:55.652 [main] DEBUG org.apache.commons.beanutils.converters.LongConverter -- Converting 'Integer' value '0' to type 'Long'
12:06:55.652 [main] DEBUG org.apache.commons.beanutils.converters.LongConverter --     Converted to Long value '0'
12:06:55.652 [main] DEBUG org.apache.commons.beanutils.converters.ShortConverter -- Setting default value: 0
12:06:55.653 [main] DEBUG org.apache.commons.beanutils.converters.ShortConverter -- Converting 'Integer' value '0' to type 'Short'
12:06:55.653 [main] DEBUG org.apache.commons.beanutils.converters.ShortConverter --     Converted to Short value '0'
12:06:55.654 [main] DEBUG org.apache.commons.beanutils.converters.BigDecimalConverter -- Setting default value: 0.0
12:06:55.654 [main] DEBUG org.apache.commons.beanutils.converters.BigDecimalConverter -- Converting 'BigDecimal' value '0.0' to type 'BigDecimal'
12:06:55.654 [main] DEBUG org.apache.commons.beanutils.converters.BigDecimalConverter --     No conversion required, value is already a BigDecimal
12:06:55.654 [main] DEBUG org.apache.commons.beanutils.converters.BigIntegerConverter -- Setting default value: 0
12:06:55.654 [main] DEBUG org.apache.commons.beanutils.converters.BigIntegerConverter -- Converting 'BigInteger' value '0' to type 'BigInteger'
12:06:55.654 [main] DEBUG org.apache.commons.beanutils.converters.BigIntegerConverter --     No conversion required, value is already a BigInteger
12:06:55.655 [main] DEBUG org.apache.commons.beanutils.converters.BooleanConverter -- Setting default value: false
12:06:55.655 [main] DEBUG org.apache.commons.beanutils.converters.BooleanConverter -- Converting 'Boolean' value 'false' to type 'Boolean'
12:06:55.655 [main] DEBUG org.apache.commons.beanutils.converters.BooleanConverter --     No conversion required, value is already a Boolean
12:06:55.655 [main] DEBUG org.apache.commons.beanutils.converters.ByteConverter -- Setting default value: 0
12:06:55.655 [main] DEBUG org.apache.commons.beanutils.converters.ByteConverter -- Converting 'Integer' value '0' to type 'Byte'
12:06:55.655 [main] DEBUG org.apache.commons.beanutils.converters.ByteConverter --     Converted to Byte value '0'
12:06:55.655 [main] DEBUG org.apache.commons.beanutils.converters.CharacterConverter -- Setting default value:  
12:06:55.655 [main] DEBUG org.apache.commons.beanutils.converters.CharacterConverter -- Converting 'Character' value ' ' to type 'Character'
12:06:55.655 [main] DEBUG org.apache.commons.beanutils.converters.CharacterConverter --     No conversion required, value is already a Character
12:06:55.655 [main] DEBUG org.apache.commons.beanutils.converters.DoubleConverter -- Setting default value: 0
12:06:55.655 [main] DEBUG org.apache.commons.beanutils.converters.DoubleConverter -- Converting 'Integer' value '0' to type 'Double'
12:06:55.656 [main] DEBUG org.apache.commons.beanutils.converters.DoubleConverter --     Converted to Double value '0.0'
12:06:55.656 [main] DEBUG org.apache.commons.beanutils.converters.FloatConverter -- Setting default value: 0
12:06:55.656 [main] DEBUG org.apache.commons.beanutils.converters.FloatConverter -- Converting 'Integer' value '0' to type 'Float'
12:06:55.656 [main] DEBUG org.apache.commons.beanutils.converters.FloatConverter --     Converted to Float value '0.0'
12:06:55.656 [main] DEBUG org.apache.commons.beanutils.converters.IntegerConverter -- Setting default value: 0
12:06:55.656 [main] DEBUG org.apache.commons.beanutils.converters.IntegerConverter -- Converting 'Integer' value '0' to type 'Integer'
12:06:55.656 [main] DEBUG org.apache.commons.beanutils.converters.IntegerConverter --     No conversion required, value is already a Integer
12:06:55.656 [main] DEBUG org.apache.commons.beanutils.converters.LongConverter -- Setting default value: 0
12:06:55.656 [main] DEBUG org.apache.commons.beanutils.converters.LongConverter -- Converting 'Integer' value '0' to type 'Long'
12:06:55.657 [main] DEBUG org.apache.commons.beanutils.converters.LongConverter --     Converted to Long value '0'
12:06:55.657 [main] DEBUG org.apache.commons.beanutils.converters.ShortConverter -- Setting default value: 0
12:06:55.657 [main] DEBUG org.apache.commons.beanutils.converters.ShortConverter -- Converting 'Integer' value '0' to type 'Short'
12:06:55.657 [main] DEBUG org.apache.commons.beanutils.converters.ShortConverter --     Converted to Short value '0'
12:06:55.658 [main] DEBUG org.apache.commons.beanutils.converters.StringConverter -- Setting default value: 
12:06:55.658 [main] DEBUG org.apache.commons.beanutils.converters.StringConverter -- Converting 'String' value '' to type 'String'
12:06:55.664 [main] DEBUG org.apache.commons.beanutils.converters.ArrayConverter -- Setting default value: [Z@4201c465
12:06:55.664 [main] DEBUG org.apache.commons.beanutils.converters.ArrayConverter -- Converting 'boolean[]' value '[Z@4201c465' to type 'boolean[]'
12:06:55.664 [main] DEBUG org.apache.commons.beanutils.converters.ArrayConverter --     No conversion required, value is already a boolean[]
12:06:55.664 [main] DEBUG org.apache.commons.beanutils.converters.ArrayConverter -- Setting default value: [B@6cb107fd
12:06:55.664 [main] DEBUG org.apache.commons.beanutils.converters.ArrayConverter -- Converting 'byte[]' value '[B@6cb107fd' to type 'byte[]'
12:06:55.664 [main] DEBUG org.apache.commons.beanutils.converters.ArrayConverter --     No conversion required, value is already a byte[]
12:06:55.664 [main] DEBUG org.apache.commons.beanutils.converters.ArrayConverter -- Setting default value: [C@710636b0
12:06:55.665 [main] DEBUG org.apache.commons.beanutils.converters.ArrayConverter -- Converting 'char[]' value '[C@710636b0' to type 'char[]'
12:06:55.665 [main] DEBUG org.apache.commons.beanutils.converters.ArrayConverter --     No conversion required, value is already a char[]
12:06:55.665 [main] DEBUG org.apache.commons.beanutils.converters.ArrayConverter -- Setting default value: [D@2ab4bc72
12:06:55.665 [main] DEBUG org.apache.commons.beanutils.converters.ArrayConverter -- Converting 'double[]' value '[D@2ab4bc72' to type 'double[]'
12:06:55.665 [main] DEBUG org.apache.commons.beanutils.converters.ArrayConverter --     No conversion required, value is already a double[]
12:06:55.665 [main] DEBUG org.apache.commons.beanutils.converters.ArrayConverter -- Setting default value: [F@eadd4fb
12:06:55.665 [main] DEBUG org.apache.commons.beanutils.converters.ArrayConverter -- Converting 'float[]' value '[F@eadd4fb' to type 'float[]'
12:06:55.665 [main] DEBUG org.apache.commons.beanutils.converters.ArrayConverter --     No conversion required, value is already a float[]
12:06:55.665 [main] DEBUG org.apache.commons.beanutils.converters.ArrayConverter -- Setting default value: [I@7bd7d6d6
12:06:55.665 [main] DEBUG org.apache.commons.beanutils.converters.ArrayConverter -- Converting 'int[]' value '[I@7bd7d6d6' to type 'int[]'
12:06:55.665 [main] DEBUG org.apache.commons.beanutils.converters.ArrayConverter --     No conversion required, value is already a int[]
12:06:55.665 [main] DEBUG org.apache.commons.beanutils.converters.ArrayConverter -- Setting default value: [J@239a307b
12:06:55.665 [main] DEBUG org.apache.commons.beanutils.converters.ArrayConverter -- Converting 'long[]' value '[J@239a307b' to type 'long[]'
12:06:55.665 [main] DEBUG org.apache.commons.beanutils.converters.ArrayConverter --     No conversion required, value is already a long[]
12:06:55.666 [main] DEBUG org.apache.commons.beanutils.converters.ArrayConverter -- Setting default value: [S@6f204a1a
12:06:55.666 [main] DEBUG org.apache.commons.beanutils.converters.ArrayConverter -- Converting 'short[]' value '[S@6f204a1a' to type 'short[]'
12:06:55.666 [main] DEBUG org.apache.commons.beanutils.converters.ArrayConverter --     No conversion required, value is already a short[]
12:06:55.666 [main] DEBUG org.apache.commons.beanutils.converters.ArrayConverter -- Setting default value: [Ljava.math.BigDecimal;@5f8e8a9d
12:06:55.666 [main] DEBUG org.apache.commons.beanutils.converters.ArrayConverter -- Converting 'BigDecimal[]' value '[Ljava.math.BigDecimal;@5f8e8a9d' to type 'BigDecimal[]'
12:06:55.666 [main] DEBUG org.apache.commons.beanutils.converters.ArrayConverter --     No conversion required, value is already a BigDecimal[]
12:06:55.666 [main] DEBUG org.apache.commons.beanutils.converters.ArrayConverter -- Setting default value: [Ljava.math.BigInteger;@3ad83a66
12:06:55.666 [main] DEBUG org.apache.commons.beanutils.converters.ArrayConverter -- Converting 'BigInteger[]' value '[Ljava.math.BigInteger;@3ad83a66' to type 'BigInteger[]'
12:06:55.666 [main] DEBUG org.apache.commons.beanutils.converters.ArrayConverter --     No conversion required, value is already a BigInteger[]
12:06:55.667 [main] DEBUG org.apache.commons.beanutils.converters.ArrayConverter -- Setting default value: [Ljava.lang.Boolean;@17bffc17
12:06:55.667 [main] DEBUG org.apache.commons.beanutils.converters.ArrayConverter -- Converting 'Boolean[]' value '[Ljava.lang.Boolean;@17bffc17' to type 'Boolean[]'
12:06:55.667 [main] DEBUG org.apache.commons.beanutils.converters.ArrayConverter --     No conversion required, value is already a Boolean[]
12:06:55.667 [main] DEBUG org.apache.commons.beanutils.converters.ArrayConverter -- Setting default value: [Ljava.lang.Byte;@15a34df2
12:06:55.667 [main] DEBUG org.apache.commons.beanutils.converters.ArrayConverter -- Converting 'Byte[]' value '[Ljava.lang.Byte;@15a34df2' to type 'Byte[]'
12:06:55.667 [main] DEBUG org.apache.commons.beanutils.converters.ArrayConverter --     No conversion required, value is already a Byte[]
12:06:55.667 [main] DEBUG org.apache.commons.beanutils.converters.ArrayConverter -- Setting default value: [Ljava.lang.Character;@338fc1d8
12:06:55.667 [main] DEBUG org.apache.commons.beanutils.converters.ArrayConverter -- Converting 'Character[]' value '[Ljava.lang.Character;@338fc1d8' to type 'Character[]'
12:06:55.667 [main] DEBUG org.apache.commons.beanutils.converters.ArrayConverter --     No conversion required, value is already a Character[]
12:06:55.667 [main] DEBUG org.apache.commons.beanutils.converters.ArrayConverter -- Setting default value: [Ljava.lang.Double;@48e1f6c7
12:06:55.667 [main] DEBUG org.apache.commons.beanutils.converters.ArrayConverter -- Converting 'Double[]' value '[Ljava.lang.Double;@48e1f6c7' to type 'Double[]'
12:06:55.667 [main] DEBUG org.apache.commons.beanutils.converters.ArrayConverter --     No conversion required, value is already a Double[]
12:06:55.667 [main] DEBUG org.apache.commons.beanutils.converters.ArrayConverter -- Setting default value: [Ljava.lang.Float;@1807e3f6
12:06:55.667 [main] DEBUG org.apache.commons.beanutils.converters.ArrayConverter -- Converting 'Float[]' value '[Ljava.lang.Float;@1807e3f6' to type 'Float[]'
12:06:55.667 [main] DEBUG org.apache.commons.beanutils.converters.ArrayConverter --     No conversion required, value is already a Float[]
12:06:55.667 [main] DEBUG org.apache.commons.beanutils.converters.ArrayConverter -- Setting default value: [Ljava.lang.Integer;@f1da57d
12:06:55.668 [main] DEBUG org.apache.commons.beanutils.converters.ArrayConverter -- Converting 'Integer[]' value '[Ljava.lang.Integer;@f1da57d' to type 'Integer[]'
12:06:55.668 [main] DEBUG org.apache.commons.beanutils.converters.ArrayConverter --     No conversion required, value is already a Integer[]
12:06:55.668 [main] DEBUG org.apache.commons.beanutils.converters.ArrayConverter -- Setting default value: [Ljava.lang.Long;@26abb146
12:06:55.668 [main] DEBUG org.apache.commons.beanutils.converters.ArrayConverter -- Converting 'Long[]' value '[Ljava.lang.Long;@26abb146' to type 'Long[]'
12:06:55.668 [main] DEBUG org.apache.commons.beanutils.converters.ArrayConverter --     No conversion required, value is already a Long[]
12:06:55.668 [main] DEBUG org.apache.commons.beanutils.converters.ArrayConverter -- Setting default value: [Ljava.lang.Short;@65f8f5ae
12:06:55.668 [main] DEBUG org.apache.commons.beanutils.converters.ArrayConverter -- Converting 'Short[]' value '[Ljava.lang.Short;@65f8f5ae' to type 'Short[]'
12:06:55.668 [main] DEBUG org.apache.commons.beanutils.converters.ArrayConverter --     No conversion required, value is already a Short[]
12:06:55.668 [main] DEBUG org.apache.commons.beanutils.converters.ArrayConverter -- Setting default value: [Ljava.lang.String;@38467116
12:06:55.668 [main] DEBUG org.apache.commons.beanutils.converters.ArrayConverter -- Converting 'String[]' value '[Ljava.lang.String;@38467116' to type 'String[]'
12:06:55.668 [main] DEBUG org.apache.commons.beanutils.converters.ArrayConverter --     No conversion required, value is already a String[]
12:06:55.668 [main] DEBUG org.apache.commons.beanutils.converters.ArrayConverter -- Setting default value: [Ljava.lang.Class;@5b7a7f33
12:06:55.668 [main] DEBUG org.apache.commons.beanutils.converters.ArrayConverter -- Converting 'Class[]' value '[Ljava.lang.Class;@5b7a7f33' to type 'Class[]'
12:06:55.668 [main] DEBUG org.apache.commons.beanutils.converters.ArrayConverter --     No conversion required, value is already a Class[]
12:06:55.668 [main] DEBUG org.apache.commons.beanutils.converters.ArrayConverter -- Setting default value: [Ljava.util.Date;@790da477
12:06:55.668 [main] DEBUG org.apache.commons.beanutils.converters.ArrayConverter -- Converting 'Date[]' value '[Ljava.util.Date;@790da477' to type 'Date[]'
12:06:55.668 [main] DEBUG org.apache.commons.beanutils.converters.ArrayConverter --     No conversion required, value is already a Date[]
12:06:55.669 [main] DEBUG org.apache.commons.beanutils.converters.ArrayConverter -- Setting default value: [Ljava.util.Calendar;@57bc27f5
12:06:55.669 [main] DEBUG org.apache.commons.beanutils.converters.ArrayConverter -- Converting 'Calendar[]' value '[Ljava.util.Calendar;@57bc27f5' to type 'Calendar[]'
12:06:55.669 [main] DEBUG org.apache.commons.beanutils.converters.ArrayConverter --     No conversion required, value is already a Calendar[]
12:06:55.669 [main] DEBUG org.apache.commons.beanutils.converters.ArrayConverter -- Setting default value: [Ljava.io.File;@4b8d604b
12:06:55.669 [main] DEBUG org.apache.commons.beanutils.converters.ArrayConverter -- Converting 'java.io.File[]' value '[Ljava.io.File;@4b8d604b' to type 'java.io.File[]'
12:06:55.669 [main] DEBUG org.apache.commons.beanutils.converters.ArrayConverter --     No conversion required, value is already a java.io.File[]
12:06:55.669 [main] DEBUG org.apache.commons.beanutils.converters.ArrayConverter -- Setting default value: [Ljava.sql.Date;@68c9d179
12:06:55.669 [main] DEBUG org.apache.commons.beanutils.converters.ArrayConverter -- Converting 'java.sql.Date[]' value '[Ljava.sql.Date;@68c9d179' to type 'java.sql.Date[]'
12:06:55.669 [main] DEBUG org.apache.commons.beanutils.converters.ArrayConverter --     No conversion required, value is already a java.sql.Date[]
12:06:55.669 [main] DEBUG org.apache.commons.beanutils.converters.ArrayConverter -- Setting default value: [Ljava.sql.Time;@2dfaea86
12:06:55.670 [main] DEBUG org.apache.commons.beanutils.converters.ArrayConverter -- Converting 'java.sql.Time[]' value '[Ljava.sql.Time;@2dfaea86' to type 'java.sql.Time[]'
12:06:55.670 [main] DEBUG org.apache.commons.beanutils.converters.ArrayConverter --     No conversion required, value is already a java.sql.Time[]
12:06:55.670 [main] DEBUG org.apache.commons.beanutils.converters.ArrayConverter -- Setting default value: [Ljava.sql.Timestamp;@33ecda92
12:06:55.670 [main] DEBUG org.apache.commons.beanutils.converters.ArrayConverter -- Converting 'java.sql.Timestamp[]' value '[Ljava.sql.Timestamp;@33ecda92' to type 'java.sql.Timestamp[]'
12:06:55.670 [main] DEBUG org.apache.commons.beanutils.converters.ArrayConverter --     No conversion required, value is already a java.sql.Timestamp[]
12:06:55.670 [main] DEBUG org.apache.commons.beanutils.converters.ArrayConverter -- Setting default value: [Ljava.net.URL;@6e2829c7
12:06:55.670 [main] DEBUG org.apache.commons.beanutils.converters.ArrayConverter -- Converting 'java.net.URL[]' value '[Ljava.net.URL;@6e2829c7' to type 'java.net.URL[]'
12:06:55.670 [main] DEBUG org.apache.commons.beanutils.converters.ArrayConverter --     No conversion required, value is already a java.net.URL[]
12:06:55.862 [main] DEBUG com.github.dozermapper.core.fieldmap.FieldMap -- Getting ready to invoke write method on the destination object. Dest Obj: ManufactureMachine, Dest value: {1=2, key=val}
12:06:55.865 [main] DEBUG com.github.dozermapper.core.MappingProcessor -- MAPPED: ManufactureMachine.properties --> ManufactureMachine.properties    VALUES: {1=2, key=val} --> {1=2, key=val}    MAPID: 
12:06:55.866 [main] DEBUG com.github.dozermapper.core.fieldmap.FieldMap -- Getting ready to invoke write method on the destination object. Dest Obj: ManufactureMachine, Dest value: null
12:06:55.866 [main] DEBUG com.github.dozermapper.core.MappingProcessor -- MAPPED: ManufactureMachine.id --> ManufactureMachine.id    VALUES: NULL --> NULL    MAPID: 
12:06:55.868 [main] DEBUG com.github.dozermapper.core.fieldmap.FieldMap -- Getting ready to invoke write method on the destination object. Dest Obj: ManufactureMachine, Dest value: []
12:06:55.886 [main] DEBUG com.github.dozermapper.core.MappingProcessor -- MAPPED: ManufactureMachine.images --> ManufactureMachine.images    VALUES: [] --> []    MAPID: 
12:06:55.887 [main] DEBUG com.github.dozermapper.core.fieldmap.FieldMap -- Getting ready to invoke write method on the destination object. Dest Obj: ManufactureMachine, Dest value: desc
12:06:55.888 [main] DEBUG com.github.dozermapper.core.MappingProcessor -- MAPPED: ManufactureMachine.description --> ManufactureMachine.description    VALUES: desc --> desc    MAPID: 
12:06:55.889 [main] DEBUG com.github.dozermapper.core.fieldmap.FieldMap -- Getting ready to invoke write method on the destination object. Dest Obj: ManufactureMachine, Dest value: null
12:06:55.889 [main] DEBUG com.github.dozermapper.core.MappingProcessor -- MAPPED: ManufactureMachine.price --> ManufactureMachine.price    VALUES: NULL --> NULL    MAPID: 
12:06:55.889 [main] DEBUG com.github.dozermapper.core.fieldmap.FieldMap -- Getting ready to invoke write method on the destination object. Dest Obj: ManufactureMachine, Dest value: null
12:06:55.889 [main] DEBUG com.github.dozermapper.core.MappingProcessor -- MAPPED: ManufactureMachine.producer --> ManufactureMachine.producer    VALUES: NULL --> NULL    MAPID: 
12:06:55.889 [main] DEBUG com.github.dozermapper.core.fieldmap.FieldMap -- Getting ready to invoke write method on the destination object. Dest Obj: ManufactureMachine, Dest value: null
12:06:55.889 [main] DEBUG com.github.dozermapper.core.MappingProcessor -- MAPPED: ManufactureMachine.catalog --> ManufactureMachine.catalog    VALUES: NULL --> NULL    MAPID: 
12:06:55.889 [main] DEBUG com.github.dozermapper.core.fieldmap.FieldMap -- Getting ready to invoke write method on the destination object. Dest Obj: ManufactureMachine, Dest value: null
12:06:55.889 [main] DEBUG com.github.dozermapper.core.MappingProcessor -- MAPPED: ManufactureMachine.serialNumber --> ManufactureMachine.serialNumber    VALUES: NULL --> NULL    MAPID: 
12:06:55.889 [main] DEBUG com.github.dozermapper.core.fieldmap.FieldMap -- Getting ready to invoke write method on the destination object. Dest Obj: ManufactureMachine, Dest value: hello
12:06:55.890 [main] DEBUG com.github.dozermapper.core.MappingProcessor -- MAPPED: ManufactureMachine.name --> ManufactureMachine.name    VALUES: hello --> hello    MAPID: 
12:06:55.890 [main] DEBUG com.github.dozermapper.core.fieldmap.FieldMap -- Getting ready to invoke write method on the destination object. Dest Obj: ManufactureMachine, Dest value: []
12:06:55.890 [main] DEBUG com.github.dozermapper.core.MappingProcessor -- MAPPED: ManufactureMachine.videos --> ManufactureMachine.videos    VALUES: [] --> []    MAPID: 
]]></system-out>
  </testcase>
</testsuite>